<?xml version="1.0" encoding="UTF-8"?>
<!-- Generated by org.testng.reporters.JUnitReportReporter -->
<testsuite skipped="1" hostname="DDC2-D-6NXQ9B2" name="TestNGdemo_03" tests="3" failures="0" timestamp="19 Jul 2019 09:17:38 GMT" time="0.016" errors="0">
  <testcase name="testTwitter" time="0.014" classname="TestNGdemo_03"/>
  <testcase name="testGoogle" time="0.002" classname="TestNGdemo_03"/>
  <testcase name="testFacebook" classname="TestNGdemo_03">
    <skipped/>
  </testcase> <!-- testFacebook -->
</testsuite> <!-- TestNGdemo_03 -->
