<?xml version="1.0" encoding="UTF-8"?>
<!-- Generated by org.testng.reporters.JUnitReportReporter -->
<testsuite skipped="0" hostname="DDC2-D-6NXQ9B2" name="Keyboarddemo_01" tests="1" failures="0" timestamp="19 Jul 2019 05:00:11 GMT" time="23.169" errors="0">
  <testcase name="f" time="23.169" classname="Keyboarddemo_01"/>
</testsuite> <!-- Keyboarddemo_01 -->
