<?xml version="1.0" encoding="UTF-8"?>
<!-- Generated by org.testng.reporters.JUnitReportReporter -->
<testsuite skipped="0" hostname="DDC2-D-6NXQ9B2" name="Test_06" tests="1" failures="0" timestamp="18 Jul 2019 11:26:56 GMT" time="16.233" errors="0">
  <testcase name="f" time="16.233" classname="Test_06"/>
</testsuite> <!-- Test_06 -->
