<?xml version="1.0" encoding="UTF-8"?>
<!-- Generated by org.testng.reporters.JUnitReportReporter -->
<testsuite skipped="0" hostname="DDC2-D-6NXQ9B2" name="mydemo_01.mydemo_01.Testdemo_04" tests="2" failures="0" timestamp="19 Jul 2019 10:08:18 GMT" time="127.534" errors="0">
  <testcase name="f" time="71.286" classname="mydemo_01.mydemo_01.Testdemo_04"/>
  <testcase name="f" time="56.248" classname="mydemo_01.mydemo_01.Testdemo_04"/>
</testsuite> <!-- mydemo_01.mydemo_01.Testdemo_04 -->
