<?xml version="1.0" encoding="UTF-8"?>
<!-- Generated by org.testng.reporters.JUnitReportReporter -->
<testsuite skipped="0" hostname="DDC2-D-6NXQ9B2" name="Test_07" tests="1" failures="0" timestamp="19 Jul 2019 03:30:27 GMT" time="34.847" errors="0">
  <testcase name="f" time="34.847" classname="Test_07"/>
</testsuite> <!-- Test_07 -->
