<?xml version="1.0" encoding="UTF-8"?>
<!-- Generated by org.testng.reporters.JUnitReportReporter -->
<testsuite skipped="0" hostname="DDC2-D-6NXQ9B2" name="Test_04" tests="1" failures="0" timestamp="18 Jul 2019 09:02:48 GMT" time="29.824" errors="0">
  <testcase name="f" time="29.824" classname="Test_04"/>
</testsuite> <!-- Test_04 -->
