<?xml version="1.0" encoding="UTF-8"?>
<!-- Generated by org.testng.reporters.JUnitReportReporter -->
<testsuite skipped="0" hostname="DDC2-D-6NXQ9B2" name="mydemo_01.mydemo_01.Testdemo2_05" tests="3" failures="0" timestamp="19 Jul 2019 11:23:07 GMT" time="0.000" errors="0">
  <testcase name="method5" time="0.000" classname="mydemo_01.mydemo_01.Testdemo2_05"/>
  <testcase name="method6" time="0.000" classname="mydemo_01.mydemo_01.Testdemo2_05"/>
  <testcase name="method4" time="0.000" classname="mydemo_01.mydemo_01.Testdemo2_05"/>
</testsuite> <!-- mydemo_01.mydemo_01.Testdemo2_05 -->
