<?xml version="1.0" encoding="UTF-8"?>
<!-- Generated by org.testng.reporters.JUnitReportReporter -->
<testsuite skipped="0" hostname="DDC2-D-6NXQ9B2" name="democom_01" tests="1" failures="0" timestamp="19 Jul 2019 05:42:55 GMT" time="28.187" errors="0">
  <testcase name="f" time="28.187" classname="democom_01"/>
</testsuite> <!-- democom_01 -->
