<?xml version="1.0" encoding="UTF-8"?>
<!-- Generated by org.testng.reporters.JUnitReportReporter -->
<testsuite skipped="1" hostname="DDC2-D-6NXQ9B2" name="mydemo_01.mydemo_01.Myprogram_04Test" tests="4" failures="0" timestamp="17 Jul 2019 09:54:15 GMT" time="0.036" errors="0">
  <testcase name="Login" time="0.031" classname="mydemo_01.mydemo_01.Myprogram_04Test"/>
  <testcase name="Register" time="0.003" classname="mydemo_01.mydemo_01.Myprogram_04Test"/>
  <testcase name="Addtocart" time="0.002" classname="mydemo_01.mydemo_01.Myprogram_04Test"/>
  <testcase name="Logout" classname="mydemo_01.mydemo_01.Myprogram_04Test">
    <skipped/>
  </testcase> <!-- Logout -->
</testsuite> <!-- mydemo_01.mydemo_01.Myprogram_04Test -->
