<?xml version="1.0" encoding="UTF-8"?>
<!-- Generated by org.testng.reporters.JUnitReportReporter -->
<testsuite skipped="0" hostname="DDC2-D-6NXQ9B2" name="Test_05" tests="1" failures="0" timestamp="18 Jul 2019 10:09:25 GMT" time="31.892" errors="0">
  <testcase name="f" time="31.892" classname="Test_05"/>
</testsuite> <!-- Test_05 -->
