<?xml version="1.0" encoding="UTF-8"?>
<!-- Generated by org.testng.reporters.JUnitReportReporter -->
<testsuite skipped="0" hostname="DDC2-D-6NXQ9B2" name="mydemo_01.mydemo_01.Testdemo1_05" tests="5" failures="0" timestamp="19 Jul 2019 11:23:07 GMT" time="0.032" errors="0">
  <testcase name="method3" time="0.000" classname="mydemo_01.mydemo_01.Testdemo1_05"/>
  <testcase name="method3" time="0.000" classname="mydemo_01.mydemo_01.Testdemo1_05"/>
  <testcase name="method2" time="0.016" classname="mydemo_01.mydemo_01.Testdemo1_05"/>
  <testcase name="method1" time="0.000" classname="mydemo_01.mydemo_01.Testdemo1_05"/>
  <testcase name="method1" time="0.016" classname="mydemo_01.mydemo_01.Testdemo1_05"/>
</testsuite> <!-- mydemo_01.mydemo_01.Testdemo1_05 -->
