<?xml version="1.0" encoding="UTF-8"?>
<!-- Generated by org.testng.reporters.JUnitReportReporter -->
<testsuite skipped="1" hostname="DDC2-D-6NXQ9B2" name="mydemo_01.mydemo_01.NewTest" tests="3" failures="0" timestamp="19 Jul 2019 09:31:15 GMT" time="0.015" errors="0">
  <testcase name="testTwitter" time="0.013" classname="mydemo_01.mydemo_01.NewTest"/>
  <testcase name="testGoogle" time="0.002" classname="mydemo_01.mydemo_01.NewTest"/>
  <testcase name="testFacebook" classname="mydemo_01.mydemo_01.NewTest">
    <skipped/>
  </testcase> <!-- testFacebook -->
</testsuite> <!-- mydemo_01.mydemo_01.NewTest -->
