<?xml version="1.0" encoding="UTF-8"?>
<!-- Generated by org.testng.reporters.JUnitReportReporter -->
<testsuite skipped="0" hostname="DDC2-D-6NXQ9B2" name="NewTest" tests="4" failures="0" timestamp="18 Jul 2019 06:13:06 GMT" time="79.536" errors="0">
  <testcase name="f" time="8.021" classname="NewTest"/>
  <testcase name="f" time="41.993" classname="NewTest"/>
  <testcase name="f" time="17.999" classname="NewTest"/>
  <testcase name="f" time="11.523" classname="NewTest"/>
</testsuite> <!-- NewTest -->
