<?xml version="1.0" encoding="UTF-8"?>
<!-- Generated by org.testng.reporters.JUnitReportReporter -->
<testsuite skipped="0" hostname="DDC2-D-6NXQ9B2" name="myselenium_11.testrun" tests="1" failures="0" timestamp="16 Oct 2018 11:25:51 GMT" time="51.398" errors="0">
  <testcase name="testcase2" time="51.398" classname="myselenium_11.testrun"/>
</testsuite> <!-- myselenium_11.testrun -->
