<?xml version="1.0" encoding="UTF-8"?>
<!-- Generated by org.testng.reporters.JUnitReportReporter -->
<testsuite skipped="0" hostname="DDC2-D-6NXQ9B2" name="myselenium_11.Case4" tests="1" failures="0" timestamp="23 Oct 2018 07:09:55 GMT" time="45.069" errors="0">
  <testcase name="testcase2" time="45.069" classname="myselenium_11.Case4"/>
</testsuite> <!-- myselenium_11.Case4 -->
