<?xml version="1.0" encoding="UTF-8"?>
<!-- Generated by org.testng.reporters.JUnitReportReporter -->
<testsuite skipped="0" hostname="DDC2-D-6NXQ9B2" name="com.SeleniumBasics.WorkBook1" tests="1" failures="0" timestamp="18 Oct 2018 07:52:45 GMT" time="28.391" errors="0">
  <testcase name="testcase" time="28.391" classname="com.SeleniumBasics.WorkBook1"/>
</testsuite> <!-- com.SeleniumBasics.WorkBook1 -->
