<?xml version="1.0" encoding="UTF-8"?>
<!-- Generated by org.testng.reporters.JUnitReportReporter -->
<testsuite skipped="0" hostname="DDC2-D-6NXQ9B2" name="myselenium_11.testcase4" tests="1" failures="0" timestamp="16 Oct 2018 07:51:46 GMT" time="7.529" errors="0">
  <testcase name="test2" time="7.529" classname="myselenium_11.testcase4"/>
</testsuite> <!-- myselenium_11.testcase4 -->
