<?xml version="1.0" encoding="UTF-8"?>
<!-- Generated by org.testng.reporters.JUnitReportReporter -->
<testsuite skipped="0" hostname="DDC2-D-6NXQ9B2" name="myselenium_11.caseStudy1" tests="1" failures="0" timestamp="23 Oct 2018 07:57:42 GMT" time="12.060" errors="0">
  <testcase name="testcase2" time="12.060" classname="myselenium_11.caseStudy1"/>
</testsuite> <!-- myselenium_11.caseStudy1 -->
