<?xml version="1.0" encoding="UTF-8"?>
<!-- Generated by org.testng.reporters.JUnitReportReporter -->
<testsuite skipped="0" hostname="DDC2-D-6NXQ9B2" name="WorkShop1" tests="1" failures="0" timestamp="18 Oct 2018 09:19:31 GMT" time="48.736" errors="0">
  <testcase name="testcase" time="48.736" classname="WorkShop1"/>
</testsuite> <!-- WorkShop1 -->
