<?xml version="1.0" encoding="UTF-8"?>
<!-- Generated by org.testng.reporters.JUnitReportReporter -->
<testsuite skipped="0" hostname="DDC2-D-6NXQ9B2" name="myselenium_11.Basic" tests="1" failures="0" timestamp="24 Oct 2018 07:04:17 GMT" time="23.653" errors="0">
  <testcase name="testCase" time="23.653" classname="myselenium_11.Basic"/>
</testsuite> <!-- myselenium_11.Basic -->
