<?xml version="1.0" encoding="UTF-8"?>
<!-- Generated by org.testng.reporters.JUnitReportReporter -->
<testsuite skipped="0" hostname="DDC2-D-6NXQ9B2" name="myselenium_11.DragDrop" tests="1" failures="0" timestamp="17 Oct 2018 05:28:20 GMT" time="14.667" errors="0">
  <testcase name="testcase2" time="14.667" classname="myselenium_11.DragDrop"/>
</testsuite> <!-- myselenium_11.DragDrop -->
