<?xml version="1.0" encoding="UTF-8"?>
<!-- Generated by org.testng.reporters.JUnitReportReporter -->
<testsuite skipped="0" hostname="DDC2-D-6NXQ9B2" name="com.TestNG.BasicAnno" tests="2" failures="0" timestamp="15 Oct 2018 07:31:48 GMT" time="0.007" errors="0">
  <testcase name="beta" time="0.005" classname="com.TestNG.BasicAnno"/>
  <testcase name="game" time="0.002" classname="com.TestNG.BasicAnno"/>
</testsuite> <!-- com.TestNG.BasicAnno -->
