<?xml version="1.0" encoding="UTF-8"?>
<!-- Generated by org.testng.reporters.JUnitReportReporter -->
<testsuite skipped="0" hostname="DDC2-D-6NXQ9B2" name="myselenium_11.switchWindow" tests="1" failures="0" timestamp="18 Oct 2018 07:44:40 GMT" time="62.051" errors="0">
  <testcase name="testcasee" time="62.051" classname="myselenium_11.switchWindow"/>
</testsuite> <!-- myselenium_11.switchWindow -->
