<?xml version="1.0" encoding="UTF-8"?>
<!-- Generated by org.testng.reporters.JUnitReportReporter -->
<testsuite skipped="0" hostname="DDC2-D-6NXQ9B2" name="com.TestNG.dataprovider" tests="3" failures="0" timestamp="15 Oct 2018 08:07:32 GMT" time="0.015" errors="0">
  <testcase name="testCase" time="0.003" classname="com.TestNG.dataprovider"/>
  <testcase name="testCase" time="0.002" classname="com.TestNG.dataprovider"/>
  <testcase name="testCase" time="0.010" classname="com.TestNG.dataprovider"/>
</testsuite> <!-- com.TestNG.dataprovider -->
